[INFO] Scanning for projects...
[INFO] 
[INFO] -------------------< com.cart-service:cart-service >--------------------
[INFO] Building cart-service 0.0.1-SNAPSHOT
[INFO]   from pom.xml
[INFO] --------------------------------[ jar ]---------------------------------
[INFO] 
[INFO] >>> spring-boot:3.5.9:run (default-cli) > test-compile @ cart-service >>>
[INFO] 
[INFO] --- resources:3.3.1:resources (default-resources) @ cart-service ---
[INFO] Copying 1 resource from src/main/resources to target/classes
[INFO] Copying 0 resource from src/main/resources to target/classes
[INFO] 
[INFO] --- compiler:3.14.1:compile (default-compile) @ cart-service ---
[INFO] Nothing to compile - all classes are up to date.
[INFO] 
[INFO] --- resources:3.3.1:testResources (default-testResources) @ cart-service ---
[INFO] skip non existing resourceDirectory /home/labuser/Downloads/OSS_Final-main/oss-backend/cart-service/src/test/resources
[INFO] 
[INFO] --- compiler:3.14.1:testCompile (default-testCompile) @ cart-service ---
[INFO] Nothing to compile - all classes are up to date.
[INFO] 
[INFO] <<< spring-boot:3.5.9:run (default-cli) < test-compile @ cart-service <<<
[INFO] 
[INFO] 
[INFO] --- spring-boot:3.5.9:run (default-cli) @ cart-service ---
[INFO] Attaching agents: []

  .   ____          _            __ _ _
 /\\ / ___'_ __ _ _(_)_ __  __ _ \ \ \ \
( ( )\___ | '_ | '_| | '_ \/ _` | \ \ \ \
 \\/  ___)| |_)| | | | | || (_| |  ) ) ) )
  '  |____| .__|_| |_|_| |_\__, | / / / /
 =========|_|==============|___/=/_/_/_/

 :: Spring Boot ::                (v3.5.9)

2025-12-28T06:44:09.460Z  INFO 46746 --- [cart-service] [           main] c.cart_service.CartServiceApplication    : Starting CartServiceApplication using Java 17.0.16 with PID 46746 (/home/labuser/Downloads/OSS_Final-main/oss-backend/cart-service/target/classes started by labuser in /home/labuser/Downloads/OSS_Final-main/oss-backend/cart-service)
2025-12-28T06:44:09.568Z  INFO 46746 --- [cart-service] [           main] c.cart_service.CartServiceApplication    : No active profile set, falling back to 1 default profile: "default"
2025-12-28T06:44:25.166Z  INFO 46746 --- [cart-service] [           main] .s.d.r.c.RepositoryConfigurationDelegate : Bootstrapping Spring Data JPA repositories in DEFAULT mode.
2025-12-28T06:44:28.478Z  INFO 46746 --- [cart-service] [           main] .s.d.r.c.RepositoryConfigurationDelegate : Finished Spring Data repository scanning in 3096 ms. Found 1 JPA repository interface.
2025-12-28T06:44:32.405Z  INFO 46746 --- [cart-service] [           main] o.s.cloud.context.scope.GenericScope     : BeanFactory id=eb2bc79d-88b4-3dac-9412-3f9bb6bb9aad
2025-12-28T06:44:39.212Z  INFO 46746 --- [cart-service] [           main] o.s.b.w.embedded.tomcat.TomcatWebServer  : Tomcat initialized with port 8085 (http)
2025-12-28T06:44:39.475Z  INFO 46746 --- [cart-service] [           main] o.apache.catalina.core.StandardService   : Starting service [Tomcat]
2025-12-28T06:44:39.491Z  INFO 46746 --- [cart-service] [           main] o.apache.catalina.core.StandardEngine    : Starting Servlet engine: [Apache Tomcat/10.1.50]
2025-12-28T06:44:40.688Z  INFO 46746 --- [cart-service] [           main] o.a.c.c.C.[Tomcat].[localhost].[/]       : Initializing Spring embedded WebApplicationContext
2025-12-28T06:44:40.704Z  INFO 46746 --- [cart-service] [           main] w.s.c.ServletWebServerApplicationContext : Root WebApplicationContext: initialization completed in 29626 ms
2025-12-28T06:44:44.862Z  INFO 46746 --- [cart-service] [           main] o.hibernate.jpa.internal.util.LogHelper  : HHH000204: Processing PersistenceUnitInfo [name: default]
2025-12-28T06:44:46.185Z  INFO 46746 --- [cart-service] [           main] org.hibernate.Version                    : HHH000412: Hibernate ORM core version 6.6.39.Final
2025-12-28T06:44:47.150Z  INFO 46746 --- [cart-service] [           main] o.h.c.internal.RegionFactoryInitiator    : HHH000026: Second-level cache disabled
2025-12-28T06:44:53.548Z  INFO 46746 --- [cart-service] [           main] o.s.o.j.p.SpringPersistenceUnitInfo      : No LoadTimeWeaver setup: ignoring JPA class transformer
2025-12-28T06:44:54.159Z  INFO 46746 --- [cart-service] [           main] com.zaxxer.hikari.HikariDataSource       : HikariPool-1 - Starting...
2025-12-28T06:45:00.333Z  INFO 46746 --- [cart-service] [           main] com.zaxxer.hikari.pool.HikariPool        : HikariPool-1 - Added connection com.mysql.cj.jdbc.ConnectionImpl@5cb8580
2025-12-28T06:45:00.367Z  INFO 46746 --- [cart-service] [           main] com.zaxxer.hikari.HikariDataSource       : HikariPool-1 - Start completed.
2025-12-28T06:45:01.811Z  WARN 46746 --- [cart-service] [           main] org.hibernate.orm.deprecation            : HHH90000025: MySQLDialect does not need to be specified explicitly using 'hibernate.dialect' (remove the property setting and it will be selected by default)
2025-12-28T06:45:02.310Z  INFO 46746 --- [cart-service] [           main] org.hibernate.orm.connections.pooling    : HHH10001005: Database info:
	Database JDBC URL [Connecting through datasource 'HikariDataSource (HikariPool-1)']
	Database driver: undefined/unknown
	Database version: 8.0.43
	Autocommit mode: undefined/unknown
	Isolation level: undefined/unknown
	Minimum pool size: undefined/unknown
	Maximum pool size: undefined/unknown
2025-12-28T06:45:17.575Z  INFO 46746 --- [cart-service] [           main] o.h.e.t.j.p.i.JtaPlatformInitiator       : HHH000489: No JTA platform available (set 'hibernate.transaction.jta.platform' to enable JTA platform integration)
2025-12-28T06:45:18.402Z  INFO 46746 --- [cart-service] [           main] j.LocalContainerEntityManagerFactoryBean : Initialized JPA EntityManagerFactory for persistence unit 'default'
2025-12-28T06:45:23.464Z  WARN 46746 --- [cart-service] [           main] JpaBaseConfiguration$JpaWebConfiguration : spring.jpa.open-in-view is enabled by default. Therefore, database queries may be performed during view rendering. Explicitly configure spring.jpa.open-in-view to disable this warning
2025-12-28T06:45:24.130Z  INFO 46746 --- [cart-service] [           main] o.s.c.openfeign.FeignClientFactoryBean   : For 'product-service' URL not provided. Will try picking an instance via load-balancing.
2025-12-28T06:45:24.547Z  INFO 46746 --- [cart-service] [           main] o.s.c.openfeign.FeignClientFactoryBean   : For 'order-service' URL not provided. Will try picking an instance via load-balancing.
2025-12-28T06:45:24.707Z  INFO 46746 --- [cart-service] [           main] o.s.c.openfeign.FeignClientFactoryBean   : For 'payment-service' URL not provided. Will try picking an instance via load-balancing.
2025-12-28T06:45:28.491Z  INFO 46746 --- [cart-service] [           main] DiscoveryClientOptionalArgsConfiguration : Eureka HTTP Client uses RestTemplate.
2025-12-28T06:45:28.760Z  WARN 46746 --- [cart-service] [           main] iguration$LoadBalancerCaffeineWarnLogger : Spring Cloud LoadBalancer is currently working with the default cache. While this cache implementation is useful for development and tests, it's recommended to use Caffeine cache in production.You can switch to using Caffeine cache, by adding it and org.springframework.cache.caffeine.CaffeineCacheManager to the classpath.
2025-12-28T06:45:29.041Z  INFO 46746 --- [cart-service] [           main] o.s.c.n.eureka.InstanceInfoFactory       : Setting initial instance status as: STARTING
2025-12-28T06:45:29.119Z  INFO 46746 --- [cart-service] [           main] com.netflix.discovery.DiscoveryClient    : Initializing Eureka in region us-east-1
2025-12-28T06:45:29.127Z  INFO 46746 --- [cart-service] [           main] c.n.d.s.r.aws.ConfigClusterResolver      : Resolving eureka endpoints via configuration
2025-12-28T06:45:29.197Z  INFO 46746 --- [cart-service] [           main] com.netflix.discovery.DiscoveryClient    : Disable delta property : false
2025-12-28T06:45:29.201Z  INFO 46746 --- [cart-service] [           main] com.netflix.discovery.DiscoveryClient    : Single vip registry refresh property : null
2025-12-28T06:45:29.204Z  INFO 46746 --- [cart-service] [           main] com.netflix.discovery.DiscoveryClient    : Force full registry fetch : false
2025-12-28T06:45:29.204Z  INFO 46746 --- [cart-service] [           main] com.netflix.discovery.DiscoveryClient    : Application is null : false
2025-12-28T06:45:29.204Z  INFO 46746 --- [cart-service] [           main] com.netflix.discovery.DiscoveryClient    : Registered Applications size is zero : true
2025-12-28T06:45:29.204Z  INFO 46746 --- [cart-service] [           main] com.netflix.discovery.DiscoveryClient    : Application version is -1: true
2025-12-28T06:45:29.204Z  INFO 46746 --- [cart-service] [           main] com.netflix.discovery.DiscoveryClient    : Getting all instance registry info from the eureka server
2025-12-28T06:45:31.085Z  INFO 46746 --- [cart-service] [           main] com.netflix.discovery.DiscoveryClient    : The response status is 200
2025-12-28T06:45:31.096Z  INFO 46746 --- [cart-service] [           main] com.netflix.discovery.DiscoveryClient    : Starting heartbeat executor: renew interval is: 30
2025-12-28T06:45:31.113Z  INFO 46746 --- [cart-service] [           main] c.n.discovery.InstanceInfoReplicator     : InstanceInfoReplicator onDemand update allowed rate per min is 4
2025-12-28T06:45:31.135Z  INFO 46746 --- [cart-service] [           main] com.netflix.discovery.DiscoveryClient    : Discovery Client initialized at timestamp 1766904331134 with initial instances count: 2
2025-12-28T06:45:31.167Z  INFO 46746 --- [cart-service] [           main] o.s.c.n.e.s.EurekaServiceRegistry        : Registering application CART-SERVICE with eureka with status UP
2025-12-28T06:45:31.168Z  INFO 46746 --- [cart-service] [           main] com.netflix.discovery.DiscoveryClient    : Saw local status change event StatusChangeEvent [timestamp=1766904331168, current=UP, previous=STARTING]
2025-12-28T06:45:31.180Z  INFO 46746 --- [cart-service] [foReplicator-%d] com.netflix.discovery.DiscoveryClient    : DiscoveryClient_CART-SERVICE/ip-172-31-41-78.ap-south-1.compute.internal:cart-service:8085: registering service...
2025-12-28T06:45:31.331Z  INFO 46746 --- [cart-service] [           main] o.s.b.w.embedded.tomcat.TomcatWebServer  : Tomcat started on port 8085 (http) with context path '/'
2025-12-28T06:45:31.337Z  INFO 46746 --- [cart-service] [           main] .s.c.n.e.s.EurekaAutoServiceRegistration : Updating port to 8085
2025-12-28T06:45:31.485Z  INFO 46746 --- [cart-service] [           main] c.cart_service.CartServiceApplication    : Started CartServiceApplication in 95.085 seconds (process running for 105.213)
2025-12-28T06:45:31.571Z  INFO 46746 --- [cart-service] [foReplicator-%d] com.netflix.discovery.DiscoveryClient    : DiscoveryClient_CART-SERVICE/ip-172-31-41-78.ap-south-1.compute.internal:cart-service:8085 - registration status: 204
2025-12-28T06:50:29.208Z  INFO 46746 --- [cart-service] [rap-executor-%d] c.n.d.s.r.aws.ConfigClusterResolver      : Resolving eureka endpoints via configuration
2025-12-28T06:55:29.209Z  INFO 46746 --- [cart-service] [rap-executor-%d] c.n.d.s.r.aws.ConfigClusterResolver      : Resolving eureka endpoints via configuration
2025-12-28T07:00:29.220Z  INFO 46746 --- [cart-service] [rap-executor-%d] c.n.d.s.r.aws.ConfigClusterResolver      : Resolving eureka endpoints via configuration
