[INFO] Scanning for projects...
Downloading from central: https://repo.maven.apache.org/maven2/org/cyclonedx/maven-metadata.xml
Downloading from central: https://repo.maven.apache.org/maven2/org/springframework/boot/maven-metadata.xml
Downloading from central: https://repo.maven.apache.org/maven2/org/flywaydb/maven-metadata.xml
Downloading from central: https://repo.maven.apache.org/maven2/io/github/git-commit-id/maven-metadata.xml
Progress (1): 249 BProgress (2): 249 B | 234 BProgress (3): 249 B | 234 B | 243 BProgress (4): 249 B | 234 B | 243 B | 255 B                                           Downloaded from central: https://repo.maven.apache.org/maven2/org/springframework/boot/maven-metadata.xml (249 B at 26 B/s)
Downloaded from central: https://repo.maven.apache.org/maven2/org/cyclonedx/maven-metadata.xml (243 B at 25 B/s)
Downloading from central: https://repo.maven.apache.org/maven2/org/jetbrains/kotlin/maven-metadata.xml
Downloaded from central: https://repo.maven.apache.org/maven2/org/flywaydb/maven-metadata.xml (234 B at 24 B/s)
Downloading from central: https://repo.maven.apache.org/maven2/org/jooq/maven-metadata.xml
Downloading from central: https://repo.maven.apache.org/maven2/org/liquibase/maven-metadata.xml
Downloaded from central: https://repo.maven.apache.org/maven2/io/github/git-commit-id/maven-metadata.xml (255 B at 26 B/s)
Downloading from central: https://repo.maven.apache.org/maven2/org/graalvm/buildtools/maven-metadata.xml
Progress (1): 375 BProgress (2): 375 B | 398 BProgress (3): 375 B | 398 B | 242 BProgress (4): 375 B | 398 B | 242 B | 243 B                                           Downloaded from central: https://repo.maven.apache.org/maven2/org/jetbrains/kotlin/maven-metadata.xml (375 B at 1.9 kB/s)
Downloading from central: https://repo.maven.apache.org/maven2/org/apache/maven/plugins/maven-metadata.xml
Downloaded from central: https://repo.maven.apache.org/maven2/org/graalvm/buildtools/maven-metadata.xml (242 B at 1.5 kB/s)
Downloaded from central: https://repo.maven.apache.org/maven2/org/jooq/maven-metadata.xml (398 B at 2.2 kB/s)
Downloaded from central: https://repo.maven.apache.org/maven2/org/liquibase/maven-metadata.xml (243 B at 1.3 kB/s)
Downloading from central: https://repo.maven.apache.org/maven2/org/codehaus/mojo/maven-metadata.xml
Progress (1): 4.6 kBProgress (1): 9.9 kBProgress (1): 14 kB                    Downloaded from central: https://repo.maven.apache.org/maven2/org/apache/maven/plugins/maven-metadata.xml (14 kB at 55 kB/s)
Progress (1): 3.9 kBProgress (1): 9.8 kBProgress (1): 14 kB Progress (1): 20 kBProgress (1): 20 kB                   Downloaded from central: https://repo.maven.apache.org/maven2/org/codehaus/mojo/maven-metadata.xml (20 kB at 56 kB/s)
[INFO] 
[INFO] ------------------< com.eureka-server:eureka-server >-------------------
[INFO] Building eureka-server 0.0.1-SNAPSHOT
[INFO]   from pom.xml
[INFO] --------------------------------[ jar ]---------------------------------
[INFO] 
[INFO] >>> spring-boot:3.5.9:run (default-cli) > test-compile @ eureka-server >>>
[INFO] 
[INFO] --- resources:3.3.1:resources (default-resources) @ eureka-server ---
[INFO] Copying 2 resources from src/main/resources to target/classes
[INFO] Copying 0 resource from src/main/resources to target/classes
[INFO] 
[INFO] --- compiler:3.14.1:compile (default-compile) @ eureka-server ---
[INFO] Nothing to compile - all classes are up to date.
[INFO] 
[INFO] --- resources:3.3.1:testResources (default-testResources) @ eureka-server ---
[INFO] skip non existing resourceDirectory /home/labuser/Downloads/OSS_Final-main/oss-backend/eureka-server/src/test/resources
[INFO] 
[INFO] --- compiler:3.14.1:testCompile (default-testCompile) @ eureka-server ---
[INFO] Nothing to compile - all classes are up to date.
[INFO] 
[INFO] <<< spring-boot:3.5.9:run (default-cli) < test-compile @ eureka-server <<<
[INFO] 
[INFO] 
[INFO] --- spring-boot:3.5.9:run (default-cli) @ eureka-server ---
[INFO] Attaching agents: []

  .   ____          _            __ _ _
 /\\ / ___'_ __ _ _(_)_ __  __ _ \ \ \ \
( ( )\___ | '_ | '_| | '_ \/ _` | \ \ \ \
 \\/  ___)| |_)| | | | | || (_| |  ) ) ) )
  '  |____| .__|_| |_|_| |_\__, | / / / /
 =========|_|==============|___/=/_/_/_/

 :: Spring Boot ::                (v3.5.9)

2025-12-28T06:44:04.948Z  INFO 46277 --- [eureka-server] [           main] c.eureka_server.EurekaServerApplication  : Starting EurekaServerApplication using Java 17.0.16 with PID 46277 (/home/labuser/Downloads/OSS_Final-main/oss-backend/eureka-server/target/classes started by labuser in /home/labuser/Downloads/OSS_Final-main/oss-backend/eureka-server)
2025-12-28T06:44:05.022Z  INFO 46277 --- [eureka-server] [           main] c.eureka_server.EurekaServerApplication  : No active profile set, falling back to 1 default profile: "default"
2025-12-28T06:44:31.238Z  INFO 46277 --- [eureka-server] [           main] o.s.cloud.context.scope.GenericScope     : BeanFactory id=0c57109e-5125-37d7-86e0-7b67bb0b0c51
2025-12-28T06:44:37.094Z  INFO 46277 --- [eureka-server] [           main] o.s.b.w.embedded.tomcat.TomcatWebServer  : Tomcat initialized with port 8761 (http)
2025-12-28T06:44:37.244Z  INFO 46277 --- [eureka-server] [           main] o.apache.catalina.core.StandardService   : Starting service [Tomcat]
2025-12-28T06:44:37.249Z  INFO 46277 --- [eureka-server] [           main] o.apache.catalina.core.StandardEngine    : Starting Servlet engine: [Apache Tomcat/10.1.50]
2025-12-28T06:44:38.319Z  INFO 46277 --- [eureka-server] [           main] o.a.c.c.C.[Tomcat].[localhost].[/]       : Initializing Spring embedded WebApplicationContext
2025-12-28T06:44:38.339Z  INFO 46277 --- [eureka-server] [           main] w.s.c.ServletWebServerApplicationContext : Root WebApplicationContext: initialization completed in 31586 ms
2025-12-28T06:44:57.965Z  INFO 46277 --- [eureka-server] [           main] c.n.d.provider.DiscoveryJerseyProvider   : Using JSON encoding codec LegacyJacksonJson
2025-12-28T06:44:58.009Z  INFO 46277 --- [eureka-server] [           main] c.n.d.provider.DiscoveryJerseyProvider   : Using JSON decoding codec LegacyJacksonJson
2025-12-28T06:45:02.060Z  INFO 46277 --- [eureka-server] [           main] c.n.d.provider.DiscoveryJerseyProvider   : Using XML encoding codec XStreamXml
2025-12-28T06:45:02.060Z  INFO 46277 --- [eureka-server] [           main] c.n.d.provider.DiscoveryJerseyProvider   : Using XML decoding codec XStreamXml
2025-12-28T06:45:05.659Z  INFO 46277 --- [eureka-server] [           main] o.s.v.b.OptionalValidatorFactoryBean     : Failed to set up a Bean Validation provider: jakarta.validation.NoProviderFoundException: Unable to create a Configuration, because no Jakarta Bean Validation provider could be found. Add a provider like Hibernate Validator (RI) to your classpath.
2025-12-28T06:45:17.103Z  WARN 46277 --- [eureka-server] [           main] iguration$LoadBalancerCaffeineWarnLogger : Spring Cloud LoadBalancer is currently working with the default cache. While this cache implementation is useful for development and tests, it's recommended to use Caffeine cache in production.You can switch to using Caffeine cache, by adding it and org.springframework.cache.caffeine.CaffeineCacheManager to the classpath.
2025-12-28T06:45:17.347Z  INFO 46277 --- [eureka-server] [           main] o.s.c.n.eureka.InstanceInfoFactory       : Setting initial instance status as: STARTING
2025-12-28T06:45:17.566Z  INFO 46277 --- [eureka-server] [           main] com.netflix.discovery.DiscoveryClient    : Initializing Eureka in region us-east-1
2025-12-28T06:45:17.582Z  INFO 46277 --- [eureka-server] [           main] com.netflix.discovery.DiscoveryClient    : Client configured to neither register nor query for data.
2025-12-28T06:45:17.606Z  INFO 46277 --- [eureka-server] [           main] com.netflix.discovery.DiscoveryClient    : Discovery Client initialized at timestamp 1766904317584 with initial instances count: 0
2025-12-28T06:45:18.406Z  INFO 46277 --- [eureka-server] [           main] c.n.eureka.DefaultEurekaServerContext    : Initializing ...
2025-12-28T06:45:18.423Z  INFO 46277 --- [eureka-server] [           main] c.n.eureka.cluster.PeerEurekaNodes       : Adding new peer nodes [http://localhost:8761/eureka/]
2025-12-28T06:45:19.851Z  INFO 46277 --- [eureka-server] [           main] c.n.d.provider.DiscoveryJerseyProvider   : Using JSON encoding codec LegacyJacksonJson
2025-12-28T06:45:19.851Z  INFO 46277 --- [eureka-server] [           main] c.n.d.provider.DiscoveryJerseyProvider   : Using JSON decoding codec LegacyJacksonJson
2025-12-28T06:45:19.852Z  INFO 46277 --- [eureka-server] [           main] c.n.d.provider.DiscoveryJerseyProvider   : Using XML encoding codec XStreamXml
2025-12-28T06:45:19.852Z  INFO 46277 --- [eureka-server] [           main] c.n.d.provider.DiscoveryJerseyProvider   : Using XML decoding codec XStreamXml
2025-12-28T06:45:20.370Z  INFO 46277 --- [eureka-server] [           main] c.n.eureka.cluster.PeerEurekaNodes       : Replica node URL:  http://localhost:8761/eureka/
2025-12-28T06:45:20.559Z  INFO 46277 --- [eureka-server] [           main] c.n.e.registry.AbstractInstanceRegistry  : Finished initializing remote region registries. All known remote regions: []
2025-12-28T06:45:20.566Z  INFO 46277 --- [eureka-server] [           main] c.n.eureka.DefaultEurekaServerContext    : Initialized
2025-12-28T06:45:20.709Z  INFO 46277 --- [eureka-server] [           main] o.s.b.a.e.web.EndpointLinksResolver      : Exposing 1 endpoint beneath base path '/actuator'
2025-12-28T06:45:21.538Z  INFO 46277 --- [eureka-server] [           main] o.s.c.n.e.s.EurekaServiceRegistry        : Registering application EUREKA-SERVER with eureka with status UP
2025-12-28T06:45:21.722Z  INFO 46277 --- [eureka-server] [       Thread-9] o.s.c.n.e.server.EurekaServerBootstrap   : isAws returned false
2025-12-28T06:45:21.723Z  INFO 46277 --- [eureka-server] [       Thread-9] o.s.c.n.e.server.EurekaServerBootstrap   : Initialized server context
2025-12-28T06:45:21.724Z  INFO 46277 --- [eureka-server] [       Thread-9] c.n.e.r.PeerAwareInstanceRegistryImpl    : Got 1 instances from neighboring DS node
2025-12-28T06:45:21.724Z  INFO 46277 --- [eureka-server] [       Thread-9] c.n.e.r.PeerAwareInstanceRegistryImpl    : Renew threshold is: 1
2025-12-28T06:45:21.724Z  INFO 46277 --- [eureka-server] [       Thread-9] c.n.e.r.PeerAwareInstanceRegistryImpl    : Changing status to UP
2025-12-28T06:45:21.773Z  INFO 46277 --- [eureka-server] [       Thread-9] e.s.EurekaServerInitializerConfiguration : Started Eureka Server
2025-12-28T06:45:21.794Z  INFO 46277 --- [eureka-server] [           main] o.s.b.w.embedded.tomcat.TomcatWebServer  : Tomcat started on port 8761 (http) with context path '/'
2025-12-28T06:45:21.823Z  INFO 46277 --- [eureka-server] [           main] .s.c.n.e.s.EurekaAutoServiceRegistration : Updating port to 8761
2025-12-28T06:45:21.988Z  INFO 46277 --- [eureka-server] [           main] c.eureka_server.EurekaServerApplication  : Started EurekaServerApplication in 91.093 seconds (process running for 105.399)
2025-12-28T06:45:27.626Z  INFO 46277 --- [eureka-server] [nio-8761-exec-1] o.a.c.c.C.[Tomcat].[localhost].[/]       : Initializing Spring DispatcherServlet 'dispatcherServlet'
2025-12-28T06:45:27.627Z  INFO 46277 --- [eureka-server] [nio-8761-exec-1] o.s.web.servlet.DispatcherServlet        : Initializing Servlet 'dispatcherServlet'
2025-12-28T06:45:27.649Z  INFO 46277 --- [eureka-server] [nio-8761-exec-1] o.s.web.servlet.DispatcherServlet        : Completed initialization in 2 ms
2025-12-28T06:45:29.845Z  INFO 46277 --- [eureka-server] [nio-8761-exec-4] c.n.e.registry.AbstractInstanceRegistry  : Registered instance PRODUCT-CATALOG/ip-172-31-41-78.ap-south-1.compute.internal:product-catalog:8083 with status UP (replication=false)
2025-12-28T06:45:29.850Z  INFO 46277 --- [eureka-server] [nio-8761-exec-3] c.n.e.registry.AbstractInstanceRegistry  : Registered instance PAYMENT-PROCESSING-SERVICE/ip-172-31-41-78.ap-south-1.compute.internal:payment-processing-service:8765 with status UP (replication=false)
2025-12-28T06:45:30.389Z  INFO 46277 --- [eureka-server] [nio-8761-exec-6] c.n.e.registry.AbstractInstanceRegistry  : Registered instance USER-SERVICE/ip-172-31-41-78.ap-south-1.compute.internal:user-service:8089 with status UP (replication=false)
2025-12-28T06:45:31.541Z  INFO 46277 --- [eureka-server] [nio-8761-exec-9] c.n.e.registry.AbstractInstanceRegistry  : Registered instance USER-SERVICE/ip-172-31-41-78.ap-south-1.compute.internal:user-service:8089 with status UP (replication=true)
2025-12-28T06:45:31.546Z  INFO 46277 --- [eureka-server] [nio-8761-exec-8] c.n.e.registry.AbstractInstanceRegistry  : Registered instance PAYMENT-PROCESSING-SERVICE/ip-172-31-41-78.ap-south-1.compute.internal:payment-processing-service:8765 with status UP (replication=true)
2025-12-28T06:45:31.547Z  INFO 46277 --- [eureka-server] [nio-8761-exec-8] c.n.e.registry.AbstractInstanceRegistry  : Registered instance PRODUCT-CATALOG/ip-172-31-41-78.ap-south-1.compute.internal:product-catalog:8083 with status UP (replication=true)
2025-12-28T06:45:31.555Z  INFO 46277 --- [eureka-server] [io-8761-exec-10] c.n.e.registry.AbstractInstanceRegistry  : Registered instance CART-SERVICE/ip-172-31-41-78.ap-south-1.compute.internal:cart-service:8085 with status UP (replication=false)
2025-12-28T06:45:32.093Z  INFO 46277 --- [eureka-server] [nio-8761-exec-2] c.n.e.registry.AbstractInstanceRegistry  : Registered instance CART-SERVICE/ip-172-31-41-78.ap-south-1.compute.internal:cart-service:8085 with status UP (replication=true)
2025-12-28T06:45:32.432Z  INFO 46277 --- [eureka-server] [nio-8761-exec-5] c.n.e.registry.AbstractInstanceRegistry  : Registered instance ORDER-MANAGEMENT-SERVICE/ip-172-31-41-78.ap-south-1.compute.internal:order-management-service:8084 with status UP (replication=false)
2025-12-28T06:45:32.961Z  INFO 46277 --- [eureka-server] [nio-8761-exec-3] c.n.e.registry.AbstractInstanceRegistry  : Registered instance ORDER-MANAGEMENT-SERVICE/ip-172-31-41-78.ap-south-1.compute.internal:order-management-service:8084 with status UP (replication=true)
2025-12-28T06:45:43.934Z  WARN 46277 --- [eureka-server] [nio-8761-exec-4] c.n.e.registry.AbstractInstanceRegistry  : DS: Registry: lease doesn't exist, registering resource: API-GATEWAY - ip-172-31-41-78.ap-south-1.compute.internal:api-gateway:9093
2025-12-28T06:45:43.936Z  WARN 46277 --- [eureka-server] [nio-8761-exec-4] c.n.eureka.resources.InstanceResource    : Not Found (Renew): API-GATEWAY - ip-172-31-41-78.ap-south-1.compute.internal:api-gateway:9093
2025-12-28T06:45:44.186Z  INFO 46277 --- [eureka-server] [nio-8761-exec-7] c.n.e.registry.AbstractInstanceRegistry  : Registered instance API-GATEWAY/ip-172-31-41-78.ap-south-1.compute.internal:api-gateway:9093 with status UP (replication=false)
2025-12-28T06:45:44.707Z  INFO 46277 --- [eureka-server] [nio-8761-exec-9] c.n.e.registry.AbstractInstanceRegistry  : Registered instance API-GATEWAY/ip-172-31-41-78.ap-south-1.compute.internal:api-gateway:9093 with status UP (replication=true)
2025-12-28T06:46:21.725Z  INFO 46277 --- [eureka-server] [a-EvictionTimer] c.n.e.registry.AbstractInstanceRegistry  : Running the evict task with compensationTime 0ms
2025-12-28T06:47:21.725Z  INFO 46277 --- [eureka-server] [a-EvictionTimer] c.n.e.registry.AbstractInstanceRegistry  : Running the evict task with compensationTime 0ms
2025-12-28T06:48:21.725Z  INFO 46277 --- [eureka-server] [a-EvictionTimer] c.n.e.registry.AbstractInstanceRegistry  : Running the evict task with compensationTime 0ms
2025-12-28T06:49:21.725Z  INFO 46277 --- [eureka-server] [a-EvictionTimer] c.n.e.registry.AbstractInstanceRegistry  : Running the evict task with compensationTime 0ms
2025-12-28T06:50:21.725Z  INFO 46277 --- [eureka-server] [a-EvictionTimer] c.n.e.registry.AbstractInstanceRegistry  : Running the evict task with compensationTime 0ms
2025-12-28T06:51:21.725Z  INFO 46277 --- [eureka-server] [a-EvictionTimer] c.n.e.registry.AbstractInstanceRegistry  : Running the evict task with compensationTime 0ms
2025-12-28T06:52:21.725Z  INFO 46277 --- [eureka-server] [a-EvictionTimer] c.n.e.registry.AbstractInstanceRegistry  : Running the evict task with compensationTime 0ms
2025-12-28T06:53:21.728Z  INFO 46277 --- [eureka-server] [a-EvictionTimer] c.n.e.registry.AbstractInstanceRegistry  : Running the evict task with compensationTime 3ms
2025-12-28T06:54:21.728Z  INFO 46277 --- [eureka-server] [a-EvictionTimer] c.n.e.registry.AbstractInstanceRegistry  : Running the evict task with compensationTime 0ms
2025-12-28T06:55:21.728Z  INFO 46277 --- [eureka-server] [a-EvictionTimer] c.n.e.registry.AbstractInstanceRegistry  : Running the evict task with compensationTime 0ms
2025-12-28T06:56:21.728Z  INFO 46277 --- [eureka-server] [a-EvictionTimer] c.n.e.registry.AbstractInstanceRegistry  : Running the evict task with compensationTime 0ms
2025-12-28T06:57:21.728Z  INFO 46277 --- [eureka-server] [a-EvictionTimer] c.n.e.registry.AbstractInstanceRegistry  : Running the evict task with compensationTime 0ms
2025-12-28T06:58:21.728Z  INFO 46277 --- [eureka-server] [a-EvictionTimer] c.n.e.registry.AbstractInstanceRegistry  : Running the evict task with compensationTime 0ms
2025-12-28T06:59:21.728Z  INFO 46277 --- [eureka-server] [a-EvictionTimer] c.n.e.registry.AbstractInstanceRegistry  : Running the evict task with compensationTime 0ms
2025-12-28T07:00:20.560Z  INFO 46277 --- [eureka-server] [hresholdUpdater] c.n.e.r.PeerAwareInstanceRegistryImpl    : Current renewal threshold is : 11
2025-12-28T07:00:21.728Z  INFO 46277 --- [eureka-server] [a-EvictionTimer] c.n.e.registry.AbstractInstanceRegistry  : Running the evict task with compensationTime 0ms
2025-12-28T07:01:21.728Z  INFO 46277 --- [eureka-server] [a-EvictionTimer] c.n.e.registry.AbstractInstanceRegistry  : Running the evict task with compensationTime 0ms
2025-12-28T07:02:21.728Z  INFO 46277 --- [eureka-server] [a-EvictionTimer] c.n.e.registry.AbstractInstanceRegistry  : Running the evict task with compensationTime 0ms
