
> oss-frontend@0.0.0 start
> ng serve

- Building...

Browser bundles        
Initial chunk files     | Names               |  Raw size
main.js                 | main                | 261.22 kB | 
polyfills.js            | polyfills           |  88.09 kB | 
styles.css              | styles              |  32.57 kB | 

                        | Initial total       | 381.88 kB


Server bundles         
Initial chunk files     | Names               |  Raw size
chunk-XKQARYXP.mjs      | -                   |   1.71 MB | 
main.server.mjs         | main.server         | 629.83 kB | 
polyfills.server.mjs    | polyfills.server    | 559.49 kB | 
chunk-VPSODEBW.mjs      | -                   |   2.51 kB | 
render-utils.server.mjs | render-utils.server | 423 bytes | 

Lazy chunk files        | Names               |  Raw size
chunk-P3UOPGAK.mjs      | xhr2                |  39.09 kB | 

Application bundle generation complete. [113.852 seconds]

▲ [WARNING] All "@import" rules must come first [invalid-@import]

    src/styles.css:1481:0:
      1481 │ @import url('https://fonts.googleapis.com/css2?family=Inter:wght...
           ╵ ~~~~~~~

  This rule cannot come before an "@import" rule

    src/styles.css:1:0:
      1 │ *, ::before, ::after {
        ╵ ^


Watch mode enabled. Watching for file changes...
  ➜  Local:   http://localhost:4200/
- Changes detected. Rebuilding...

Browser bundles    
Initial chunk files | Names       |  Raw size
main.js             | main        | 261.55 kB | 


Server bundles     
Initial chunk files | Names       |  Raw size
main.server.mjs     | main.server | 630.16 kB | 

Application bundle generation complete. [5.421 seconds]

▲ [WARNING] All "@import" rules must come first [invalid-@import]

    src/styles.css:1481:0:
      1481 │ @import url('https://fonts.googleapis.com/css2?family=Inter:wght...
           ╵ ~~~~~~~

  This rule cannot come before an "@import" rule

    src/styles.css:1:0:
      1 │ *, ::before, ::after {
        ╵ ^


Page reload sent to client(s).
