[INFO] Scanning for projects...
[INFO] 
[INFO] ---------------< com.tcs.boot:order-management-service >----------------
[INFO] Building order-management-service 0.0.1-SNAPSHOT
[INFO]   from pom.xml
[INFO] --------------------------------[ jar ]---------------------------------
[INFO] 
[INFO] >>> spring-boot:3.5.9:run (default-cli) > test-compile @ order-management-service >>>
[INFO] 
[INFO] --- resources:3.3.1:resources (default-resources) @ order-management-service ---
[INFO] Copying 1 resource from src/main/resources to target/classes
[INFO] Copying 0 resource from src/main/resources to target/classes
[INFO] 
[INFO] --- compiler:3.14.1:compile (default-compile) @ order-management-service ---
[INFO] Nothing to compile - all classes are up to date.
[INFO] 
[INFO] --- resources:3.3.1:testResources (default-testResources) @ order-management-service ---
[INFO] skip non existing resourceDirectory /home/labuser/Downloads/OSS_Final-main/oss-backend/order-management-master/src/test/resources
[INFO] 
[INFO] --- compiler:3.14.1:testCompile (default-testCompile) @ order-management-service ---
[INFO] Nothing to compile - all classes are up to date.
[INFO] 
[INFO] <<< spring-boot:3.5.9:run (default-cli) < test-compile @ order-management-service <<<
[INFO] 
[INFO] 
[INFO] --- spring-boot:3.5.9:run (default-cli) @ order-management-service ---
[INFO] Attaching agents: []

  .   ____          _            __ _ _
 /\\ / ___'_ __ _ _(_)_ __  __ _ \ \ \ \
( ( )\___ | '_ | '_| | '_ \/ _` | \ \ \ \
 \\/  ___)| |_)| | | | | || (_| |  ) ) ) )
  '  |____| .__|_| |_|_| |_\__, | / / / /
 =========|_|==============|___/=/_/_/_/

 :: Spring Boot ::                (v3.5.9)

2025-12-28T06:44:06.128Z  INFO 46550 --- [order-management-service] [  restartedMain] c.t.b.OrderManagementServiceApplication  : Starting OrderManagementServiceApplication using Java 17.0.16 with PID 46550 (/home/labuser/Downloads/OSS_Final-main/oss-backend/order-management-master/target/classes started by labuser in /home/labuser/Downloads/OSS_Final-main/oss-backend/order-management-master)
2025-12-28T06:44:06.179Z  INFO 46550 --- [order-management-service] [  restartedMain] c.t.b.OrderManagementServiceApplication  : No active profile set, falling back to 1 default profile: "default"
2025-12-28T06:44:07.507Z  INFO 46550 --- [order-management-service] [  restartedMain] .e.DevToolsPropertyDefaultsPostProcessor : Devtools property defaults active! Set 'spring.devtools.add-properties' to 'false' to disable
2025-12-28T06:44:07.508Z  INFO 46550 --- [order-management-service] [  restartedMain] .e.DevToolsPropertyDefaultsPostProcessor : For additional web related logging consider setting the 'logging.level.web' property to 'DEBUG'
2025-12-28T06:44:31.895Z  INFO 46550 --- [order-management-service] [  restartedMain] .s.d.r.c.RepositoryConfigurationDelegate : Bootstrapping Spring Data JPA repositories in DEFAULT mode.
2025-12-28T06:44:34.195Z  INFO 46550 --- [order-management-service] [  restartedMain] .s.d.r.c.RepositoryConfigurationDelegate : Finished Spring Data repository scanning in 2134 ms. Found 1 JPA repository interface.
2025-12-28T06:44:37.762Z  INFO 46550 --- [order-management-service] [  restartedMain] o.s.cloud.context.scope.GenericScope     : BeanFactory id=1ee3751b-7bc9-3c6e-9704-3954b461166f
2025-12-28T06:44:47.803Z  INFO 46550 --- [order-management-service] [  restartedMain] o.s.b.w.embedded.tomcat.TomcatWebServer  : Tomcat initialized with port 8084 (http)
2025-12-28T06:44:48.008Z  INFO 46550 --- [order-management-service] [  restartedMain] o.apache.catalina.core.StandardService   : Starting service [Tomcat]
2025-12-28T06:44:48.028Z  INFO 46550 --- [order-management-service] [  restartedMain] o.apache.catalina.core.StandardEngine    : Starting Servlet engine: [Apache Tomcat/10.1.50]
2025-12-28T06:44:48.834Z  INFO 46550 --- [order-management-service] [  restartedMain] o.a.c.c.C.[Tomcat].[localhost].[/]       : Initializing Spring embedded WebApplicationContext
2025-12-28T06:44:48.851Z  INFO 46550 --- [order-management-service] [  restartedMain] w.s.c.ServletWebServerApplicationContext : Root WebApplicationContext: initialization completed in 41326 ms
2025-12-28T06:44:55.096Z  INFO 46550 --- [order-management-service] [  restartedMain] o.hibernate.jpa.internal.util.LogHelper  : HHH000204: Processing PersistenceUnitInfo [name: default]
2025-12-28T06:44:56.146Z  INFO 46550 --- [order-management-service] [  restartedMain] org.hibernate.Version                    : HHH000412: Hibernate ORM core version 6.6.39.Final
2025-12-28T06:44:56.768Z  INFO 46550 --- [order-management-service] [  restartedMain] o.h.c.internal.RegionFactoryInitiator    : HHH000026: Second-level cache disabled
2025-12-28T06:45:01.743Z  INFO 46550 --- [order-management-service] [  restartedMain] o.s.o.j.p.SpringPersistenceUnitInfo      : No LoadTimeWeaver setup: ignoring JPA class transformer
2025-12-28T06:45:02.393Z  INFO 46550 --- [order-management-service] [  restartedMain] com.zaxxer.hikari.HikariDataSource       : HikariPool-1 - Starting...
2025-12-28T06:45:08.535Z  INFO 46550 --- [order-management-service] [  restartedMain] com.zaxxer.hikari.pool.HikariPool        : HikariPool-1 - Added connection com.mysql.cj.jdbc.ConnectionImpl@4e6d3049
2025-12-28T06:45:08.563Z  INFO 46550 --- [order-management-service] [  restartedMain] com.zaxxer.hikari.HikariDataSource       : HikariPool-1 - Start completed.
2025-12-28T06:45:09.943Z  INFO 46550 --- [order-management-service] [  restartedMain] org.hibernate.orm.connections.pooling    : HHH10001005: Database info:
	Database JDBC URL [Connecting through datasource 'HikariDataSource (HikariPool-1)']
	Database driver: undefined/unknown
	Database version: 8.0.43
	Autocommit mode: undefined/unknown
	Isolation level: undefined/unknown
	Minimum pool size: undefined/unknown
	Maximum pool size: undefined/unknown
2025-12-28T06:45:20.375Z  INFO 46550 --- [order-management-service] [  restartedMain] o.h.e.t.j.p.i.JtaPlatformInitiator       : HHH000489: No JTA platform available (set 'hibernate.transaction.jta.platform' to enable JTA platform integration)
2025-12-28T06:45:21.360Z  INFO 46550 --- [order-management-service] [  restartedMain] j.LocalContainerEntityManagerFactoryBean : Initialized JPA EntityManagerFactory for persistence unit 'default'
2025-12-28T06:45:23.734Z  WARN 46550 --- [order-management-service] [  restartedMain] JpaBaseConfiguration$JpaWebConfiguration : spring.jpa.open-in-view is enabled by default. Therefore, database queries may be performed during view rendering. Explicitly configure spring.jpa.open-in-view to disable this warning
2025-12-28T06:45:28.691Z  WARN 46550 --- [order-management-service] [  restartedMain] o.s.b.d.a.OptionalLiveReloadServer       : Unable to start LiveReload server
2025-12-28T06:45:28.889Z  INFO 46550 --- [order-management-service] [  restartedMain] DiscoveryClientOptionalArgsConfiguration : Eureka HTTP Client uses RestTemplate.
2025-12-28T06:45:29.085Z  WARN 46550 --- [order-management-service] [  restartedMain] iguration$LoadBalancerCaffeineWarnLogger : Spring Cloud LoadBalancer is currently working with the default cache. While this cache implementation is useful for development and tests, it's recommended to use Caffeine cache in production.You can switch to using Caffeine cache, by adding it and org.springframework.cache.caffeine.CaffeineCacheManager to the classpath.
2025-12-28T06:45:29.115Z  INFO 46550 --- [order-management-service] [  restartedMain] o.s.b.a.e.web.EndpointLinksResolver      : Exposing 16 endpoints beneath base path '/actuator'
2025-12-28T06:45:29.532Z  INFO 46550 --- [order-management-service] [  restartedMain] o.s.c.n.eureka.InstanceInfoFactory       : Setting initial instance status as: STARTING
2025-12-28T06:45:29.577Z  INFO 46550 --- [order-management-service] [  restartedMain] com.netflix.discovery.DiscoveryClient    : Initializing Eureka in region us-east-1
2025-12-28T06:45:29.584Z  INFO 46550 --- [order-management-service] [  restartedMain] c.n.d.s.r.aws.ConfigClusterResolver      : Resolving eureka endpoints via configuration
2025-12-28T06:45:29.599Z  INFO 46550 --- [order-management-service] [  restartedMain] com.netflix.discovery.DiscoveryClient    : Disable delta property : false
2025-12-28T06:45:29.600Z  INFO 46550 --- [order-management-service] [  restartedMain] com.netflix.discovery.DiscoveryClient    : Single vip registry refresh property : null
2025-12-28T06:45:29.600Z  INFO 46550 --- [order-management-service] [  restartedMain] com.netflix.discovery.DiscoveryClient    : Force full registry fetch : false
2025-12-28T06:45:29.600Z  INFO 46550 --- [order-management-service] [  restartedMain] com.netflix.discovery.DiscoveryClient    : Application is null : false
2025-12-28T06:45:29.601Z  INFO 46550 --- [order-management-service] [  restartedMain] com.netflix.discovery.DiscoveryClient    : Registered Applications size is zero : true
2025-12-28T06:45:29.601Z  INFO 46550 --- [order-management-service] [  restartedMain] com.netflix.discovery.DiscoveryClient    : Application version is -1: true
2025-12-28T06:45:29.601Z  INFO 46550 --- [order-management-service] [  restartedMain] com.netflix.discovery.DiscoveryClient    : Getting all instance registry info from the eureka server
2025-12-28T06:45:32.086Z  INFO 46550 --- [order-management-service] [  restartedMain] com.netflix.discovery.DiscoveryClient    : The response status is 200
2025-12-28T06:45:32.096Z  INFO 46550 --- [order-management-service] [  restartedMain] com.netflix.discovery.DiscoveryClient    : Starting heartbeat executor: renew interval is: 30
2025-12-28T06:45:32.107Z  INFO 46550 --- [order-management-service] [  restartedMain] c.n.discovery.InstanceInfoReplicator     : InstanceInfoReplicator onDemand update allowed rate per min is 4
2025-12-28T06:45:32.120Z  INFO 46550 --- [order-management-service] [  restartedMain] com.netflix.discovery.DiscoveryClient    : Discovery Client initialized at timestamp 1766904332117 with initial instances count: 2
2025-12-28T06:45:32.149Z  INFO 46550 --- [order-management-service] [  restartedMain] o.s.c.n.e.s.EurekaServiceRegistry        : Registering application ORDER-MANAGEMENT-SERVICE with eureka with status UP
2025-12-28T06:45:32.152Z  INFO 46550 --- [order-management-service] [  restartedMain] com.netflix.discovery.DiscoveryClient    : Saw local status change event StatusChangeEvent [timestamp=1766904332152, current=UP, previous=STARTING]
2025-12-28T06:45:32.156Z  INFO 46550 --- [order-management-service] [foReplicator-%d] com.netflix.discovery.DiscoveryClient    : DiscoveryClient_ORDER-MANAGEMENT-SERVICE/ip-172-31-41-78.ap-south-1.compute.internal:order-management-service:8084: registering service...
2025-12-28T06:45:32.285Z  INFO 46550 --- [order-management-service] [  restartedMain] o.s.b.w.embedded.tomcat.TomcatWebServer  : Tomcat started on port 8084 (http) with context path '/'
2025-12-28T06:45:32.298Z  INFO 46550 --- [order-management-service] [  restartedMain] .s.c.n.e.s.EurekaAutoServiceRegistration : Updating port to 8084
2025-12-28T06:45:32.448Z  INFO 46550 --- [order-management-service] [foReplicator-%d] com.netflix.discovery.DiscoveryClient    : DiscoveryClient_ORDER-MANAGEMENT-SERVICE/ip-172-31-41-78.ap-south-1.compute.internal:order-management-service:8084 - registration status: 204
2025-12-28T06:45:32.525Z  INFO 46550 --- [order-management-service] [  restartedMain] c.t.b.OrderManagementServiceApplication  : Started OrderManagementServiceApplication in 97.498 seconds (process running for 110.462)
2025-12-28T06:50:29.603Z  INFO 46550 --- [order-management-service] [rap-executor-%d] c.n.d.s.r.aws.ConfigClusterResolver      : Resolving eureka endpoints via configuration
2025-12-28T06:55:29.604Z  INFO 46550 --- [order-management-service] [rap-executor-%d] c.n.d.s.r.aws.ConfigClusterResolver      : Resolving eureka endpoints via configuration
2025-12-28T07:00:29.615Z  INFO 46550 --- [order-management-service] [rap-executor-%d] c.n.d.s.r.aws.ConfigClusterResolver      : Resolving eureka endpoints via configuration
