[INFO] Scanning for projects...
[INFO] 
[INFO] -------------------< com.user-service:user-service >--------------------
[INFO] Building user-service 0.0.1-SNAPSHOT
[INFO]   from pom.xml
[INFO] --------------------------------[ jar ]---------------------------------
[INFO] 
[INFO] >>> spring-boot:3.5.9:run (default-cli) > test-compile @ user-service >>>
[INFO] 
[INFO] --- resources:3.3.1:resources (default-resources) @ user-service ---
[INFO] Copying 1 resource from src/main/resources to target/classes
[INFO] Copying 0 resource from src/main/resources to target/classes
[INFO] 
[INFO] --- compiler:3.14.1:compile (default-compile) @ user-service ---
[INFO] Nothing to compile - all classes are up to date.
[INFO] 
[INFO] --- resources:3.3.1:testResources (default-testResources) @ user-service ---
[INFO] skip non existing resourceDirectory /home/labuser/Downloads/OSS_Final-main/oss-backend/user-service/src/test/resources
[INFO] 
[INFO] --- compiler:3.14.1:testCompile (default-testCompile) @ user-service ---
[INFO] Nothing to compile - all classes are up to date.
[INFO] 
[INFO] <<< spring-boot:3.5.9:run (default-cli) < test-compile @ user-service <<<
[INFO] 
[INFO] 
[INFO] --- spring-boot:3.5.9:run (default-cli) @ user-service ---
[INFO] Attaching agents: []

  .   ____          _            __ _ _
 /\\ / ___'_ __ _ _(_)_ __  __ _ \ \ \ \
( ( )\___ | '_ | '_| | '_ \/ _` | \ \ \ \
 \\/  ___)| |_)| | | | | || (_| |  ) ) ) )
  '  |____| .__|_| |_|_| |_\__, | / / / /
 =========|_|==============|___/=/_/_/_/

 :: Spring Boot ::                (v3.5.9)

2025-12-28T06:44:06.981Z  INFO 46633 --- [user-service] [           main] c.user_service.UserServiceApplication    : Starting UserServiceApplication using Java 17.0.16 with PID 46633 (/home/labuser/Downloads/OSS_Final-main/oss-backend/user-service/target/classes started by labuser in /home/labuser/Downloads/OSS_Final-main/oss-backend/user-service)
2025-12-28T06:44:07.110Z  INFO 46633 --- [user-service] [           main] c.user_service.UserServiceApplication    : No active profile set, falling back to 1 default profile: "default"
2025-12-28T06:44:24.816Z  INFO 46633 --- [user-service] [           main] .s.d.r.c.RepositoryConfigurationDelegate : Bootstrapping Spring Data JPA repositories in DEFAULT mode.
2025-12-28T06:44:28.470Z  INFO 46633 --- [user-service] [           main] .s.d.r.c.RepositoryConfigurationDelegate : Finished Spring Data repository scanning in 3500 ms. Found 6 JPA repository interfaces.
2025-12-28T06:44:32.580Z  INFO 46633 --- [user-service] [           main] o.s.cloud.context.scope.GenericScope     : BeanFactory id=de38c6d9-33eb-3105-a838-639d837a4fad
2025-12-28T06:44:39.090Z  INFO 46633 --- [user-service] [           main] o.s.b.w.embedded.tomcat.TomcatWebServer  : Tomcat initialized with port 8089 (http)
2025-12-28T06:44:39.223Z  INFO 46633 --- [user-service] [           main] o.apache.catalina.core.StandardService   : Starting service [Tomcat]
2025-12-28T06:44:39.226Z  INFO 46633 --- [user-service] [           main] o.apache.catalina.core.StandardEngine    : Starting Servlet engine: [Apache Tomcat/10.1.50]
2025-12-28T06:44:40.056Z  INFO 46633 --- [user-service] [           main] o.a.c.c.C.[Tomcat].[localhost].[/]       : Initializing Spring embedded WebApplicationContext
2025-12-28T06:44:40.078Z  INFO 46633 --- [user-service] [           main] w.s.c.ServletWebServerApplicationContext : Root WebApplicationContext: initialization completed in 31317 ms
2025-12-28T06:44:44.280Z  INFO 46633 --- [user-service] [           main] o.hibernate.jpa.internal.util.LogHelper  : HHH000204: Processing PersistenceUnitInfo [name: default]
2025-12-28T06:44:46.162Z  INFO 46633 --- [user-service] [           main] org.hibernate.Version                    : HHH000412: Hibernate ORM core version 6.6.39.Final
2025-12-28T06:44:47.170Z  INFO 46633 --- [user-service] [           main] o.h.c.internal.RegionFactoryInitiator    : HHH000026: Second-level cache disabled
2025-12-28T06:44:53.554Z  INFO 46633 --- [user-service] [           main] o.s.o.j.p.SpringPersistenceUnitInfo      : No LoadTimeWeaver setup: ignoring JPA class transformer
2025-12-28T06:44:54.161Z  INFO 46633 --- [user-service] [           main] com.zaxxer.hikari.HikariDataSource       : HikariPool-1 - Starting...
2025-12-28T06:45:00.500Z  INFO 46633 --- [user-service] [           main] com.zaxxer.hikari.pool.HikariPool        : HikariPool-1 - Added connection com.mysql.cj.jdbc.ConnectionImpl@4990b335
2025-12-28T06:45:00.538Z  INFO 46633 --- [user-service] [           main] com.zaxxer.hikari.HikariDataSource       : HikariPool-1 - Start completed.
2025-12-28T06:45:01.859Z  WARN 46633 --- [user-service] [           main] org.hibernate.orm.deprecation            : HHH90000025: MySQLDialect does not need to be specified explicitly using 'hibernate.dialect' (remove the property setting and it will be selected by default)
2025-12-28T06:45:02.449Z  INFO 46633 --- [user-service] [           main] org.hibernate.orm.connections.pooling    : HHH10001005: Database info:
	Database JDBC URL [Connecting through datasource 'HikariDataSource (HikariPool-1)']
	Database driver: undefined/unknown
	Database version: 8.0.43
	Autocommit mode: undefined/unknown
	Isolation level: undefined/unknown
	Minimum pool size: undefined/unknown
	Maximum pool size: undefined/unknown
2025-12-28T06:45:17.736Z  INFO 46633 --- [user-service] [           main] o.h.e.t.j.p.i.JtaPlatformInitiator       : HHH000489: No JTA platform available (set 'hibernate.transaction.jta.platform' to enable JTA platform integration)
2025-12-28T06:45:18.434Z  INFO 46633 --- [user-service] [           main] j.LocalContainerEntityManagerFactoryBean : Initialized JPA EntityManagerFactory for persistence unit 'default'
2025-12-28T06:45:23.428Z  WARN 46633 --- [user-service] [           main] JpaBaseConfiguration$JpaWebConfiguration : spring.jpa.open-in-view is enabled by default. Therefore, database queries may be performed during view rendering. Explicitly configure spring.jpa.open-in-view to disable this warning
2025-12-28T06:45:24.395Z  INFO 46633 --- [user-service] [           main] o.s.c.openfeign.FeignClientFactoryBean   : For 'order-service' URL not provided. Will try picking an instance via load-balancing.
2025-12-28T06:45:27.813Z  INFO 46633 --- [user-service] [           main] DiscoveryClientOptionalArgsConfiguration : Eureka HTTP Client uses RestTemplate.
2025-12-28T06:45:28.152Z  WARN 46633 --- [user-service] [           main] iguration$LoadBalancerCaffeineWarnLogger : Spring Cloud LoadBalancer is currently working with the default cache. While this cache implementation is useful for development and tests, it's recommended to use Caffeine cache in production.You can switch to using Caffeine cache, by adding it and org.springframework.cache.caffeine.CaffeineCacheManager to the classpath.
2025-12-28T06:45:28.293Z  INFO 46633 --- [user-service] [           main] o.s.c.n.eureka.InstanceInfoFactory       : Setting initial instance status as: STARTING
2025-12-28T06:45:28.356Z  INFO 46633 --- [user-service] [           main] com.netflix.discovery.DiscoveryClient    : Initializing Eureka in region us-east-1
2025-12-28T06:45:28.364Z  INFO 46633 --- [user-service] [           main] c.n.d.s.r.aws.ConfigClusterResolver      : Resolving eureka endpoints via configuration
2025-12-28T06:45:28.402Z  INFO 46633 --- [user-service] [           main] com.netflix.discovery.DiscoveryClient    : Disable delta property : false
2025-12-28T06:45:28.408Z  INFO 46633 --- [user-service] [           main] com.netflix.discovery.DiscoveryClient    : Single vip registry refresh property : null
2025-12-28T06:45:28.409Z  INFO 46633 --- [user-service] [           main] com.netflix.discovery.DiscoveryClient    : Force full registry fetch : false
2025-12-28T06:45:28.409Z  INFO 46633 --- [user-service] [           main] com.netflix.discovery.DiscoveryClient    : Application is null : false
2025-12-28T06:45:28.409Z  INFO 46633 --- [user-service] [           main] com.netflix.discovery.DiscoveryClient    : Registered Applications size is zero : true
2025-12-28T06:45:28.409Z  INFO 46633 --- [user-service] [           main] com.netflix.discovery.DiscoveryClient    : Application version is -1: true
2025-12-28T06:45:28.409Z  INFO 46633 --- [user-service] [           main] com.netflix.discovery.DiscoveryClient    : Getting all instance registry info from the eureka server
2025-12-28T06:45:29.969Z  INFO 46633 --- [user-service] [           main] com.netflix.discovery.DiscoveryClient    : The response status is 200
2025-12-28T06:45:29.972Z  INFO 46633 --- [user-service] [           main] com.netflix.discovery.DiscoveryClient    : Starting heartbeat executor: renew interval is: 30
2025-12-28T06:45:29.975Z  INFO 46633 --- [user-service] [           main] c.n.discovery.InstanceInfoReplicator     : InstanceInfoReplicator onDemand update allowed rate per min is 4
2025-12-28T06:45:29.979Z  INFO 46633 --- [user-service] [           main] com.netflix.discovery.DiscoveryClient    : Discovery Client initialized at timestamp 1766904329977 with initial instances count: 0
2025-12-28T06:45:30.002Z  INFO 46633 --- [user-service] [           main] o.s.c.n.e.s.EurekaServiceRegistry        : Registering application USER-SERVICE with eureka with status UP
2025-12-28T06:45:30.027Z  INFO 46633 --- [user-service] [           main] com.netflix.discovery.DiscoveryClient    : Saw local status change event StatusChangeEvent [timestamp=1766904330027, current=UP, previous=STARTING]
2025-12-28T06:45:30.031Z  INFO 46633 --- [user-service] [foReplicator-%d] com.netflix.discovery.DiscoveryClient    : DiscoveryClient_USER-SERVICE/ip-172-31-41-78.ap-south-1.compute.internal:user-service:8089: registering service...
2025-12-28T06:45:30.226Z  INFO 46633 --- [user-service] [           main] o.s.b.w.embedded.tomcat.TomcatWebServer  : Tomcat started on port 8089 (http) with context path '/'
2025-12-28T06:45:30.235Z  INFO 46633 --- [user-service] [           main] .s.c.n.e.s.EurekaAutoServiceRegistration : Updating port to 8089
2025-12-28T06:45:30.401Z  INFO 46633 --- [user-service] [           main] c.user_service.UserServiceApplication    : Started UserServiceApplication in 96.024 seconds (process running for 106.618)
2025-12-28T06:45:30.419Z  INFO 46633 --- [user-service] [foReplicator-%d] com.netflix.discovery.DiscoveryClient    : DiscoveryClient_USER-SERVICE/ip-172-31-41-78.ap-south-1.compute.internal:user-service:8089 - registration status: 204
2025-12-28T06:45:59.975Z  INFO 46633 --- [user-service] [reshExecutor-%d] com.netflix.discovery.DiscoveryClient    : Disable delta property : false
2025-12-28T06:45:59.975Z  INFO 46633 --- [user-service] [reshExecutor-%d] com.netflix.discovery.DiscoveryClient    : Single vip registry refresh property : null
2025-12-28T06:45:59.975Z  INFO 46633 --- [user-service] [reshExecutor-%d] com.netflix.discovery.DiscoveryClient    : Force full registry fetch : false
2025-12-28T06:45:59.975Z  INFO 46633 --- [user-service] [reshExecutor-%d] com.netflix.discovery.DiscoveryClient    : Application is null : false
2025-12-28T06:45:59.975Z  INFO 46633 --- [user-service] [reshExecutor-%d] com.netflix.discovery.DiscoveryClient    : Registered Applications size is zero : true
2025-12-28T06:45:59.979Z  INFO 46633 --- [user-service] [reshExecutor-%d] com.netflix.discovery.DiscoveryClient    : Application version is -1: false
2025-12-28T06:45:59.979Z  INFO 46633 --- [user-service] [reshExecutor-%d] com.netflix.discovery.DiscoveryClient    : Getting all instance registry info from the eureka server
2025-12-28T06:46:00.028Z  INFO 46633 --- [user-service] [reshExecutor-%d] com.netflix.discovery.DiscoveryClient    : The response status is 200
2025-12-28T06:47:28.851Z  INFO 46633 --- [user-service] [nio-8089-exec-1] o.a.c.c.C.[Tomcat].[localhost].[/]       : Initializing Spring DispatcherServlet 'dispatcherServlet'
2025-12-28T06:47:28.852Z  INFO 46633 --- [user-service] [nio-8089-exec-1] o.s.web.servlet.DispatcherServlet        : Initializing Servlet 'dispatcherServlet'
2025-12-28T06:47:28.854Z  INFO 46633 --- [user-service] [nio-8089-exec-1] o.s.web.servlet.DispatcherServlet        : Completed initialization in 2 ms
2025-12-28T06:50:28.417Z  INFO 46633 --- [user-service] [rap-executor-%d] c.n.d.s.r.aws.ConfigClusterResolver      : Resolving eureka endpoints via configuration
2025-12-28T06:55:28.417Z  INFO 46633 --- [user-service] [rap-executor-%d] c.n.d.s.r.aws.ConfigClusterResolver      : Resolving eureka endpoints via configuration
2025-12-28T07:00:28.428Z  INFO 46633 --- [user-service] [rap-executor-%d] c.n.d.s.r.aws.ConfigClusterResolver      : Resolving eureka endpoints via configuration
